1,Heex Ironbite the Traveled,7,19,Clanan Smokesinner the Deposed,92,81
2,Heex Ironbite the Traveled,3,61,Clanan Smokesinner the Deposed,89,2
3,Clanan Smokesinner the Deposed,0,Heex Ironbite the Traveled,100
4,Clanan Smokesinner the Deposed,7,44,Heex Ironbite the Traveled,92,56
5,Clanan Smokesinner the Deposed,9,47,Heex Ironbite the Traveled,83,09
6,Heex Ironbite the Traveled,4,06,Clanan Smokesinner the Deposed,85,14
7,Heex Ironbite the Traveled,7,05,Clanan Smokesinner the Deposed,78,09
8,Heex Ironbite the Traveled,4,36,Clanan Smokesinner the Deposed,73,73
9,Heex Ironbite the Traveled,0,Clanan Smokesinner the Deposed,73,73
10,Heex Ironbite the Traveled,10,09,Clanan Smokesinner the Deposed,63,64
11,Heex Ironbite the Traveled,0,Clanan Smokesinner the Deposed,63,64
12,Clanan Smokesinner the Deposed,6,14,Heex Ironbite the Traveled,76,95
13,Clanan Smokesinner the Deposed,12,97,Heex Ironbite the Traveled,63,98
14,Heex Ironbite the Traveled,6,2,Clanan Smokesinner the Deposed,57,44
15,Heex Ironbite the Traveled,6,46,Clanan Smokesinner the Deposed,50,98
16,Clanan Smokesinner the Deposed,8,51,Heex Ironbite the Traveled,55,47
17,Heex Ironbite the Traveled,10,04,Clanan Smokesinner the Deposed,40,94
18,Clanan Smokesinner the Deposed,7,35,Heex Ironbite the Traveled,48,12
19,Clanan Smokesinner the Deposed,0,Heex Ironbite the Traveled,48,12
20,Heex Ironbite the Traveled,9,51,Clanan Smokesinner the Deposed,31,43
21,Heex Ironbite the Traveled,7,35,Clanan Smokesinner the Deposed,24,08
22,Clanan Smokesinner the Deposed,0,Heex Ironbite the Traveled,48,12
23,Clanan Smokesinner the Deposed,0,Heex Ironbite the Traveled,48,12
24,Clanan Smokesinner the Deposed,6,16,Heex Ironbite the Traveled,41,96
25,Heex Ironbite the Traveled,8,75,Clanan Smokesinner the Deposed,15,33
26,Heex Ironbite the Traveled,3,52,Clanan Smokesinner the Deposed,11,81
27,Clanan Smokesinner the Deposed,11,09,Heex Ironbite the Traveled,30,87
28,Heex Ironbite the Traveled,16,32500344308792,Clanan Smokesinner the Deposed,0
